Grammar

    0 $accept: calc $end

    1 calc: expr ';'

    2 expr: expr ADDOP expr
    3     | expr MULOP expr
    4     | NUM
    5     | '(' expr ')'


Terminals, with rules where they appear

$end (0) 0
'(' (40) 5
')' (41) 5
';' (59) 1
error (256)
NUM (258) 4
ADDOP (259) 2
MULOP (260) 3


Nonterminals, with rules where they appear

$accept (9)
    on left: 0
calc (10)
    on left: 1, on right: 0
expr (11)
    on left: 2 3 4 5, on right: 1 2 3 5


State 0

    0 $accept: . calc $end

    NUM  shift, and go to state 1
    '('  shift, and go to state 2

    calc  go to state 3
    expr  go to state 4


State 1

    4 expr: NUM .

    $default  reduce using rule 4 (expr)


State 2

    5 expr: '(' . expr ')'

    NUM  shift, and go to state 1
    '('  shift, and go to state 2

    expr  go to state 5


State 3

    0 $accept: calc . $end

    $end  shift, and go to state 6


State 4

    1 calc: expr . ';'
    2 expr: expr . ADDOP expr
    3     | expr . MULOP expr

    ADDOP  shift, and go to state 7
    MULOP  shift, and go to state 8
    ';'    shift, and go to state 9


State 5

    2 expr: expr . ADDOP expr
    3     | expr . MULOP expr
    5     | '(' expr . ')'

    ADDOP  shift, and go to state 7
    MULOP  shift, and go to state 8
    ')'    shift, and go to state 10


State 6

    0 $accept: calc $end .

    $default  accept


State 7

    2 expr: expr ADDOP . expr

    NUM  shift, and go to state 1
    '('  shift, and go to state 2

    expr  go to state 11


State 8

    3 expr: expr MULOP . expr

    NUM  shift, and go to state 1
    '('  shift, and go to state 2

    expr  go to state 12


State 9

    1 calc: expr ';' .

    $default  reduce using rule 1 (calc)


State 10

    5 expr: '(' expr ')' .

    $default  reduce using rule 5 (expr)


State 11

    2 expr: expr . ADDOP expr
    2     | expr ADDOP expr .
    3     | expr . MULOP expr

    MULOP  shift, and go to state 8

    $default  reduce using rule 2 (expr)


State 12

    2 expr: expr . ADDOP expr
    3     | expr . MULOP expr
    3     | expr MULOP expr .

    $default  reduce using rule 3 (expr)
